[debug] > Exec(early(addDefaultCommands), None, None)
[debug] > Exec(addDefaultCommands, None, None)
[debug] > Exec(early(initialize), None, None)
[debug] > Exec(initialize, None, None)
[debug] > Exec(early(addPluginSbtFile="""C:\Users\kemos\AppData\Local\Temp\idea.sbt"""), None, None)
[debug] > Exec(addPluginSbtFile="""C:\Users\kemos\AppData\Local\Temp\idea.sbt""", None, None)
[debug] > Exec(boot, None, None)
[debug] > Exec(writeSbtVersion, None, None)
[debug] > Exec(reload, None, None)
[debug] > Exec(sbtStashOnFailure, None, None)
[debug] > Exec(onFailure loadFailed, None, None)
[debug] > Exec(loadp, None, None)
[info] welcome to sbt 1.4.3 (Oracle Corporation Java 15.0.1)
[debug]       Load.loadUnit: plugins took 442.6972ms
[debug]       Load.loadUnit: defsScala took 0.6181ms
[debug] [Loading] Scanning directory C:\Users\kemos\.sbt\1.0\plugins
[debug] [Loading] Found non-root projects 
[debug] [Loading] Done in C:\Users\kemos\.sbt\1.0\plugins, returning: ()
[debug] deducing auto plugins based on known facts Set(Atom(sbt.plugins.CorePlugin)) and clauses Clauses(List(Clause(Atom(sbt.plugins.JvmPlugin),Set(Atom(sbt.plugins.IvyPlugin))), Clause(Atom(sbt.ScriptedPlugin),Set(Atom(sbt.plugins.JvmPlugin))), Clause(Atom(sbt.plugins.SbtPlugin),Set(Atom(sbt.ScriptedPlugin))), Clause(Atom(sbt.plugins.SemanticdbPlugin),Set(Atom(sbt.plugins.JvmPlugin))), Clause(Atom(sbt.plugins.JUnitXmlReportPlugin),Set(Atom(sbt.plugins.JvmPlugin))), Clause(Atom(sbt.plugins.MiniDependencyTreePlugin),Set(Atom(sbt.plugins.JvmPlugin))), Clause(Atom(sbt.plugins.CorePlugin),Set(Atom(sbt.plugins.IvyPlugin))), Clause(Atom(sbt.plugins.IvyPlugin),Set(Atom(sbt.plugins.JvmPlugin))), Clause(Atom(sbt.plugins.JvmPlugin),Set(Atom(sbt.plugins.SemanticdbPlugin))), Clause(Atom(sbt.plugins.JvmPlugin),Set(Atom(sbt.plugins.JUnitXmlReportPlugin))), Clause(Atom(sbt.plugins.CorePlugin),Set(Atom(sbt.plugins.Giter8TemplatePlugin))), Clause(Atom(sbt.plugins.JvmPlugin),Set(Atom(sbt.plugins.MiniDependencyTreePlugin)))))
[debug]   :: deduced result: Matched(sbt.plugins.CorePlugin,sbt.plugins.Giter8TemplatePlugin,sbt.plugins.IvyPlugin,sbt.plugins.JvmPlugin,sbt.plugins.MiniDependencyTreePlugin,sbt.plugins.JUnitXmlReportPlugin,sbt.plugins.SemanticdbPlugin)
[debug] Plugins.deducer#function took 65.4541 ms
[debug]           Load.resolveProject(global-plugins) took 148.9225ms
[debug]         Load.loadTransitive: finalizeProject(Project(id global-plugins, base: C:\Users\kemos\.sbt\1.0\plugins, plugins: List(<none>))) took 300.28ms
[debug] [Loading] Done in C:\Users\kemos\.sbt\1.0\plugins, returning: (global-plugins)
[debug]       Load.loadUnit: loadedProjectsRaw took 378.311ms
[debug]       Load.loadUnit: cleanEvalClasses took 0.9223ms
[debug]     Load.loadUnit(file:/C:/Users/kemos/.sbt/1.0/plugins/, ...) took 851.3139ms
[debug]   Load.apply: load took 2000.0254ms
[debug]   Load.apply: resolveProjects took 16.7316ms
[debug]   Load.apply: finalTransforms took 163.668ms
[debug]   Load.apply: config.delegates took 21.9531ms
[debug]   Load.apply: Def.make(settings)... took 26512.5368ms
[debug]   Load.apply: structureIndex took 557.3607ms
[debug]   Load.apply: mkStreams took 5.7081ms
[info] loading global plugins from C:\Users\kemos\.sbt\1.0\plugins
[debug] Running task... Cancel: Signal, check cycles: false, forcegc: true
[debug] Load.defaultLoad until apply took 78657.4844ms
[debug]           Load.loadUnit: plugins took 88.3074ms
[debug]           Load.loadUnit: defsScala took 0.0064ms
[debug] [Loading] Scanning directory C:\Users\kemos\Documents\cmpt373\project\project
[debug]             Load.loadUnit: mkEval took 21.2983ms
[debug] [Loading] Found non-root projects 
[debug] [Loading] Done in C:\Users\kemos\Documents\cmpt373\project\project, returning: ()
[debug] deducing auto plugins based on known facts Set(Atom(sbt.plugins.CorePlugin)) and clauses Clauses(List(Clause(Atom(sbt.plugins.JvmPlugin),Set(Atom(sbt.plugins.IvyPlugin))), Clause(Atom(sbt.ScriptedPlugin),Set(Atom(sbt.plugins.JvmPlugin))), Clause(Atom(sbt.plugins.SbtPlugin),Set(Atom(sbt.ScriptedPlugin))), Clause(Atom(sbt.plugins.SemanticdbPlugin),Set(Atom(sbt.plugins.JvmPlugin))), Clause(Atom(sbt.plugins.JUnitXmlReportPlugin),Set(Atom(sbt.plugins.JvmPlugin))), Clause(Atom(sbt.plugins.MiniDependencyTreePlugin),Set(Atom(sbt.plugins.JvmPlugin))), Clause(Atom(sbt.plugins.CorePlugin),Set(Atom(sbt.plugins.IvyPlugin))), Clause(Atom(sbt.plugins.IvyPlugin),Set(Atom(sbt.plugins.JvmPlugin))), Clause(Atom(sbt.plugins.JvmPlugin),Set(Atom(sbt.plugins.SemanticdbPlugin))), Clause(Atom(sbt.plugins.JvmPlugin),Set(Atom(sbt.plugins.JUnitXmlReportPlugin))), Clause(Atom(sbt.plugins.CorePlugin),Set(Atom(sbt.plugins.Giter8TemplatePlugin))), Clause(Atom(sbt.plugins.JvmPlugin),Set(Atom(sbt.plugins.MiniDependencyTreePlugin)))))
[debug]   :: deduced result: Matched(sbt.plugins.CorePlugin,sbt.plugins.Giter8TemplatePlugin,sbt.plugins.IvyPlugin,sbt.plugins.JvmPlugin,sbt.plugins.MiniDependencyTreePlugin,sbt.plugins.JUnitXmlReportPlugin,sbt.plugins.SemanticdbPlugin)
[debug] Plugins.deducer#function took 5.2375 ms
[info] loading settings for project project-build from idea.sbt ...
[debug]               Load.resolveProject(project-build) took 9.6748ms
[debug]             Load.loadTransitive: finalizeProject(Project(id project-build, base: C:\Users\kemos\Documents\cmpt373\project\project, plugins: List(<none>))) took 16.2747ms
[debug] [Loading] Done in C:\Users\kemos\Documents\cmpt373\project\project, returning: (project-build)
[debug]           Load.loadUnit: loadedProjectsRaw took 12038.7485ms
[debug]           Load.loadUnit: cleanEvalClasses took 31.1531ms
[debug]         Load.loadUnit(file:/C:/Users/kemos/Documents/cmpt373/project/project/, ...) took 12161.8972ms
[debug]       Load.apply: load took 12168.5191ms
[debug]       Load.apply: resolveProjects took 0.4126ms
[debug]       Load.apply: finalTransforms took 26.8998ms
[debug]       Load.apply: config.delegates took 1.2251ms
[debug]       Load.apply: Def.make(settings)... took 348.1855ms
[debug]       Load.apply: structureIndex took 113.3538ms
[debug]       Load.apply: mkStreams took 0.008ms
[info] loading project definition from C:\Users\kemos\Documents\cmpt373\project\project
[debug] Running task... Cancel: Signal, check cycles: false, forcegc: true
[debug]     Load.loadUnit: plugins took 19486.0087ms
[debug]     Load.loadUnit: defsScala took 0.0144ms
[debug] [Loading] Scanning directory C:\Users\kemos\Documents\cmpt373\project
[debug] [Loading] Found non-root projects 
[debug] [Loading] Done in C:\Users\kemos\Documents\cmpt373\project, returning: ()
[debug] deducing auto plugins based on known facts Set(Atom(sbt.plugins.CorePlugin)) and clauses Clauses(List(Clause(Atom(sbt.plugins.JvmPlugin),Set(Atom(sbt.plugins.IvyPlugin))), Clause(Atom(sbt.ScriptedPlugin),Set(Atom(sbt.plugins.JvmPlugin))), Clause(Atom(sbt.plugins.SbtPlugin),Set(Atom(sbt.ScriptedPlugin))), Clause(Atom(sbt.plugins.SemanticdbPlugin),Set(Atom(sbt.plugins.JvmPlugin))), Clause(Atom(sbt.plugins.JUnitXmlReportPlugin),Set(Atom(sbt.plugins.JvmPlugin))), Clause(Atom(sbt.plugins.MiniDependencyTreePlugin),Set(Atom(sbt.plugins.JvmPlugin))), Clause(Atom(org.jetbrains.sbt.StructurePlugin),Set(Atom(sbt.plugins.JvmPlugin))), Clause(Atom(org.jetbrains.sbt.IdeaShellPlugin),Set(Atom(sbt.plugins.JvmPlugin))), Clause(Atom(org.jetbrains.sbt.indices.SbtIntellijIndicesPlugin),Set(Atom(sbt.plugins.JvmPlugin))), Clause(Atom(sbt.plugins.CorePlugin),Set(Atom(sbt.plugins.IvyPlugin))), Clause(Atom(sbt.plugins.IvyPlugin),Set(Atom(sbt.plugins.JvmPlugin))), Clause(Atom(sbt.plugins.JvmPlugin),Set(Atom(sbt.plugins.SemanticdbPlugin))), Clause(Atom(sbt.plugins.JvmPlugin),Set(Atom(sbt.plugins.JUnitXmlReportPlugin))), Clause(Atom(sbt.plugins.CorePlugin),Set(Atom(sbt.plugins.Giter8TemplatePlugin))), Clause(Atom(sbt.plugins.JvmPlugin),Set(Atom(sbt.plugins.MiniDependencyTreePlugin))), Clause(Atom(sbt.plugins.JvmPlugin),Set(Atom(org.jetbrains.sbt.StructurePlugin))), Clause(Atom(sbt.plugins.JvmPlugin),Set(Atom(org.jetbrains.sbt.IdeaShellPlugin))), Clause(And(Set(Atom(sbt.plugins.CorePlugin), Atom(sbt.plugins.JvmPlugin))),Set(Atom(org.jetbrains.sbt.indices.SbtIntellijIndicesPlugin)))))
[debug]   :: deduced result: Matched(sbt.plugins.CorePlugin,sbt.plugins.Giter8TemplatePlugin,sbt.plugins.IvyPlugin,sbt.plugins.JvmPlugin,sbt.plugins.SemanticdbPlugin,org.jetbrains.sbt.indices.SbtIntellijIndicesPlugin,sbt.plugins.JUnitXmlReportPlugin,org.jetbrains.sbt.IdeaShellPlugin,org.jetbrains.sbt.StructurePlugin,sbt.plugins.MiniDependencyTreePlugin)
[debug] Plugins.deducer#function took 4.3208 ms
[debug]         Load.resolveProject(project) took 106.5239ms
[debug]       Load.loadTransitive: finalizeProject(Project(id project, base: C:\Users\kemos\Documents\cmpt373\project, plugins: List(<none>))) took 113.8007ms
[debug] [Loading] Done in C:\Users\kemos\Documents\cmpt373\project, returning: (project)
[debug]     Load.loadUnit: loadedProjectsRaw took 117.5711ms
[debug]     Load.loadUnit: cleanEvalClasses took 0.0334ms
[debug]   Load.loadUnit(file:/C:/Users/kemos/Documents/cmpt373/project/, ...) took 19606.9008ms
[debug] Load.apply: load took 19613.2783ms
[debug] Load.apply: resolveProjects took 0.4046ms
[debug] Load.apply: finalTransforms took 456.4823ms
[debug] Load.apply: config.delegates took 1.5837ms
[debug] Load.apply: Def.make(settings)... took 259.8669ms
[debug] Load.apply: structureIndex took 139.3407ms
[debug] Load.apply: mkStreams took 0.0043ms
[info] set current project to project (in build file:/C:/Users/kemos/Documents/cmpt373/project/)
[debug] > Exec(sbtPopOnFailure, None, None)
[debug] > Exec(resumeFromFailure, None, None)
[debug] > Exec(notifyUsersAboutShell, None, None)
[debug] > Exec(iflast shell, None, None)
[debug] > Exec(; set ideaPort in Global := 54141 ; idea-shell, None, None)
[debug] > Exec(set ideaPort in Global := 54141, None, None)
[info] Defining Global / ideaPort
[info] The new value will be used by Compile / compile, Test / compile
[debug] Defining 
[debug] 	Global / ideaPort
[debug] 
[debug] The new value will be used by 
[debug] 	Compile / compile
[debug] 	Test / compile
[info] Reapplying settings...
[info] set current project to project (in build file:/C:/Users/kemos/Documents/cmpt373/project/)
[debug] > Exec(idea-shell, None, None)
