[debug] > Exec(early(addDefaultCommands), None, None)
[debug] > Exec(addDefaultCommands, None, None)
[debug] > Exec(early(initialize), None, None)
[debug] > Exec(initialize, None, None)
[debug] > Exec(boot, None, None)
[debug] > Exec(writeSbtVersion, None, None)
[warn] No sbt.version set in project/build.properties, base directory: C:\Users\kemos\Documents\cmpt373\project
[debug] > Exec(reload, None, None)
[debug] > Exec(sbtStashOnFailure, None, None)
[debug] > Exec(onFailure loadFailed, None, None)
[debug] > Exec(loadp, None, None)
[info] welcome to sbt 1.4.3 (Oracle Corporation Java 15.0.1)
[debug] Load.defaultLoad until apply took 1135.1101ms
[debug]     Load.loadUnit: plugins took 458.0691ms
[debug]     Load.loadUnit: defsScala took 1.5396ms
[debug] [Loading] Scanning directory C:\Users\kemos\Documents\cmpt373\project
[debug] [Loading] Found non-root projects 
[debug] [Loading] Done in C:\Users\kemos\Documents\cmpt373\project, returning: ()
[debug] deducing auto plugins based on known facts Set(Atom(sbt.plugins.CorePlugin)) and clauses Clauses(List(Clause(Atom(sbt.plugins.JvmPlugin),Set(Atom(sbt.plugins.IvyPlugin))), Clause(Atom(sbt.ScriptedPlugin),Set(Atom(sbt.plugins.JvmPlugin))), Clause(Atom(sbt.plugins.SbtPlugin),Set(Atom(sbt.ScriptedPlugin))), Clause(Atom(sbt.plugins.SemanticdbPlugin),Set(Atom(sbt.plugins.JvmPlugin))), Clause(Atom(sbt.plugins.JUnitXmlReportPlugin),Set(Atom(sbt.plugins.JvmPlugin))), Clause(Atom(sbt.plugins.MiniDependencyTreePlugin),Set(Atom(sbt.plugins.JvmPlugin))), Clause(Atom(sbt.plugins.CorePlugin),Set(Atom(sbt.plugins.IvyPlugin))), Clause(Atom(sbt.plugins.IvyPlugin),Set(Atom(sbt.plugins.JvmPlugin))), Clause(Atom(sbt.plugins.JvmPlugin),Set(Atom(sbt.plugins.SemanticdbPlugin))), Clause(Atom(sbt.plugins.JvmPlugin),Set(Atom(sbt.plugins.JUnitXmlReportPlugin))), Clause(Atom(sbt.plugins.CorePlugin),Set(Atom(sbt.plugins.Giter8TemplatePlugin))), Clause(Atom(sbt.plugins.JvmPlugin),Set(Atom(sbt.plugins.MiniDependencyTreePlugin)))))
[debug]   :: deduced result: Matched(sbt.plugins.CorePlugin,sbt.plugins.Giter8TemplatePlugin,sbt.plugins.IvyPlugin,sbt.plugins.JvmPlugin,sbt.plugins.MiniDependencyTreePlugin,sbt.plugins.JUnitXmlReportPlugin,sbt.plugins.SemanticdbPlugin)
[debug] Plugins.deducer#function took 97.5103 ms
[debug]         Load.resolveProject(project) took 186.7552ms
[debug]       Load.loadTransitive: finalizeProject(Project(id project, base: C:\Users\kemos\Documents\cmpt373\project, plugins: List(<none>))) took 372.0963ms
[debug] [Loading] Done in C:\Users\kemos\Documents\cmpt373\project, returning: (project)
[debug]     Load.loadUnit: loadedProjectsRaw took 439.6891ms
[debug]     Load.loadUnit: cleanEvalClasses took 0.8196ms
[debug]   Load.loadUnit(file:/C:/Users/kemos/Documents/cmpt373/project/, ...) took 928.0212ms
[debug] Load.apply: load took 2387.9228ms
[debug] Load.apply: resolveProjects took 15.7907ms
[debug] Load.apply: finalTransforms took 221.3134ms
[debug] Load.apply: config.delegates took 31.0518ms
[debug] Load.apply: Def.make(settings)... took 35546.099ms
[debug] Load.apply: structureIndex took 313.1028ms
[debug] Load.apply: mkStreams took 4.3351ms
[info] set current project to project (in build file:/C:/Users/kemos/Documents/cmpt373/project/)
[debug] > Exec(sbtPopOnFailure, None, None)
[debug] > Exec(resumeFromFailure, None, None)
[debug] > Exec(notifyUsersAboutShell, None, None)
[debug] > Exec(iflast shell, None, None)
[debug] > Exec(shell, None, None)
[info] sbt server started at local:sbt-server-c5f2874311bfa47efaa2
[info] started sbt server
[debug] Forcing garbage collection...
